<?xml version="1.0" encoding="UTF-8"?>
<robot generator="Robot 6.1.1 (Python 3.11.5 on win32)" generated="20230909 21:07:32.541" rpa="false" schemaversion="4">
<suite id="s1" name="Tesla Test" source="C:\Users\HakanBatirhan\IdeaProjects\Amazon_RobotFramework\tests\Tesla_Test.robot">
<test id="s1-t1" name="Test Tesla Account Page" line="7">
<kw name="Go To Tesla Homepage" library="TeslaPage">
<kw name="Open Browser" library="SeleniumLibrary">
<arg>${Data.TESLA_HOME_PAGE_URL}</arg>
<arg>chrome</arg>
<doc>Opens a new browser instance to the optional ``url``.</doc>
<msg timestamp="20230909 21:07:32.768" level="INFO">Opening browser 'chrome' to base url 'https://www.tesla.com/'.</msg>
<status status="PASS" starttime="20230909 21:07:32.767" endtime="20230909 21:07:40.138"/>
</kw>
<kw name="Maximize Browser Window" library="SeleniumLibrary">
<doc>Maximizes current browser window.</doc>
<status status="PASS" starttime="20230909 21:07:40.139" endtime="20230909 21:07:40.446"/>
</kw>
<kw name="Set Selenium Implicit Wait" library="SeleniumLibrary">
<arg>10</arg>
<doc>Sets the implicit wait value used by Selenium.</doc>
<status status="PASS" starttime="20230909 21:07:40.447" endtime="20230909 21:07:40.448"/>
</kw>
<status status="PASS" starttime="20230909 21:07:32.767" endtime="20230909 21:07:40.448"/>
</kw>
<kw name="Go To Account Page" library="TeslaPage">
<kw name="Click Element" library="SeleniumLibrary">
<arg>${TeslaLocators.ACCOUNT_LINK}</arg>
<doc>Click the element identified by ``locator``.</doc>
<msg timestamp="20230909 21:07:40.450" level="INFO">Clicking element 'id=dx-nav-item--account'.</msg>
<status status="PASS" starttime="20230909 21:07:40.449" endtime="20230909 21:07:42.835"/>
</kw>
<kw name="Take Screenshot" library="Screenshot">
<doc>Takes a screenshot in JPEG format and embeds it into the log file.</doc>
<msg timestamp="20230909 21:07:42.843" level="WARN">Taking screenshot failed: Taking screenshots is not supported on this platform by default. See library documentation for details.
Make sure tests are run with a physical or virtual display.</msg>
<msg timestamp="20230909 21:07:42.844" level="INFO" html="true">&lt;a href="screenshot_1.jpg"&gt;&lt;img src="screenshot_1.jpg" width="800px"&gt;&lt;/a&gt;</msg>
<status status="PASS" starttime="20230909 21:07:42.837" endtime="20230909 21:07:42.844"/>
</kw>
<kw name="Sleep" library="BuiltIn">
<arg>10</arg>
<doc>Pauses the test executed for the given time.</doc>
<msg timestamp="20230909 21:07:52.844" level="INFO">Slept 10 seconds</msg>
<status status="PASS" starttime="20230909 21:07:42.844" endtime="20230909 21:07:52.844"/>
</kw>
<status status="PASS" starttime="20230909 21:07:40.449" endtime="20230909 21:07:52.844"/>
</kw>
<kw name="Login To Tesla" library="TeslaPage">
<kw name="Input Text" library="SeleniumLibrary">
<arg>${TeslaLocators.EMAIL}</arg>
<arg>${Data.Email}</arg>
<doc>Types the given ``text`` into the text field identified by ``locator``.</doc>
<msg timestamp="20230909 21:07:52.846" level="INFO">Typing text 'tesla@tesla.com' into text field 'id=form-input-identity'.</msg>
<status status="PASS" starttime="20230909 21:07:52.845" endtime="20230909 21:07:52.926"/>
</kw>
<kw name="Click Element" library="SeleniumLibrary">
<arg>${TeslaLocators.NEXT}</arg>
<doc>Click the element identified by ``locator``.</doc>
<msg timestamp="20230909 21:07:52.927" level="INFO">Clicking element 'id=form-submit-continue'.</msg>
<status status="PASS" starttime="20230909 21:07:52.926" endtime="20230909 21:07:55.481"/>
</kw>
<kw name="Input Text" library="SeleniumLibrary">
<arg>${TeslaLocators.PASSWORD}</arg>
<arg>${Data.Password}</arg>
<doc>Types the given ``text`` into the text field identified by ``locator``.</doc>
<msg timestamp="20230909 21:07:55.482" level="INFO">Typing text '123A.45?' into text field 'id=form-input-credential'.</msg>
<msg timestamp="20230909 21:08:05.756" level="INFO" html="true">&lt;/td&gt;&lt;/tr&gt;&lt;tr&gt;&lt;td colspan="3"&gt;&lt;a href="selenium-screenshot-52.png"&gt;&lt;img src="selenium-screenshot-52.png" width="800px"&gt;&lt;/a&gt;</msg>
<msg timestamp="20230909 21:08:05.757" level="FAIL">Element with locator 'id=form-input-credential' not found.</msg>
<status status="FAIL" starttime="20230909 21:07:55.481" endtime="20230909 21:08:05.761"/>
</kw>
<kw name="Click Element" library="SeleniumLibrary">
<arg>${TeslaLocators.SIGN_IN}</arg>
<doc>Click the element identified by ``locator``.</doc>
<status status="NOT RUN" starttime="20230909 21:08:05.762" endtime="20230909 21:08:05.762"/>
</kw>
<status status="FAIL" starttime="20230909 21:07:52.844" endtime="20230909 21:08:05.762"/>
</kw>
<status status="FAIL" starttime="20230909 21:07:32.767" endtime="20230909 21:08:05.763">Element with locator 'id=form-input-credential' not found.</status>
</test>
<status status="FAIL" starttime="20230909 21:07:32.543" endtime="20230909 21:08:05.764"/>
</suite>
<statistics>
<total>
<stat pass="0" fail="1" skip="0">All Tests</stat>
</total>
<tag>
</tag>
<suite>
<stat pass="0" fail="1" skip="0" id="s1" name="Tesla Test">Tesla Test</stat>
</suite>
</statistics>
<errors>
<msg timestamp="20230909 21:07:42.843" level="WARN">Taking screenshot failed: Taking screenshots is not supported on this platform by default. See library documentation for details.
Make sure tests are run with a physical or virtual display.</msg>
</errors>
</robot>
