<?xml version="1.0" encoding="UTF-8"?>
<robot generator="Robot 6.1.1 (Python 3.11.5 on win32)" generated="20230909 16:38:34.408" rpa="false" schemaversion="4">
<suite id="s1" name="Test Cases" source="C:\Users\HakanBatirhan\IdeaProjects\Amazon_RobotFramework\tests\test_cases.robot">
<test id="s1-t1" name="Price Verification" line="13">
<kw name="Open Amazon Page" library="AmazonPage">
<kw name="Open Browser" library="SeleniumLibrary">
<arg>${AMAZON_URL}</arg>
<arg>chrome</arg>
<doc>Opens a new browser instance to the optional ``url``.</doc>
<msg timestamp="20230909 16:38:34.724" level="INFO">Opening browser 'chrome' to base url 'https://www.amazon.com/ref=nav_logo'.</msg>
<status status="PASS" starttime="20230909 16:38:34.724" endtime="20230909 16:38:37.904"/>
</kw>
<kw name="Maximize Browser Window" library="SeleniumLibrary">
<doc>Maximizes current browser window.</doc>
<status status="PASS" starttime="20230909 16:38:37.906" endtime="20230909 16:38:38.139"/>
</kw>
<kw name="Sleep" library="BuiltIn">
<arg>5</arg>
<doc>Pauses the test executed for the given time.</doc>
<msg timestamp="20230909 16:38:43.141" level="INFO">Slept 5 seconds</msg>
<status status="PASS" starttime="20230909 16:38:38.139" endtime="20230909 16:38:43.141"/>
</kw>
<status status="PASS" starttime="20230909 16:38:34.724" endtime="20230909 16:38:43.141"/>
</kw>
<kw name="Go to Elektronik" library="AmazonPage">
<kw name="Click Element" library="SeleniumLibrary">
<arg>${AmazonLocators.ALL}</arg>
<doc>Click the element identified by ``locator``.</doc>
<msg timestamp="20230909 16:38:43.159" level="INFO">Clicking element 'css:.hm-icon-label'.</msg>
<status status="PASS" starttime="20230909 16:38:43.142" endtime="20230909 16:38:53.270"/>
</kw>
<kw name="Click Element" library="SeleniumLibrary">
<arg>${AmazonLocators.ELEKTRONIK}</arg>
<doc>Click the element identified by ``locator``.</doc>
<msg timestamp="20230909 16:38:53.272" level="INFO">Clicking element 'xpath://a[@data-menu-id='5']'.</msg>
<status status="PASS" starttime="20230909 16:38:53.270" endtime="20230909 16:38:53.346"/>
</kw>
<kw name="Click Element" library="SeleniumLibrary">
<arg>${AmazonLocators.CAMERA}</arg>
<doc>Click the element identified by ``locator``.</doc>
<msg timestamp="20230909 16:38:53.349" level="INFO">Clicking element 'xpath:(//ul[@data-menu-id='5']//a[@class='hmenu-item'])[2]'.</msg>
<status status="PASS" starttime="20230909 16:38:53.346" endtime="20230909 16:38:55.288"/>
</kw>
<status status="PASS" starttime="20230909 16:38:43.141" endtime="20230909 16:38:55.288"/>
</kw>
<status status="PASS" starttime="20230909 16:38:34.723" endtime="20230909 16:38:55.288"/>
</test>
<status status="PASS" starttime="20230909 16:38:34.411" endtime="20230909 16:38:55.289"/>
</suite>
<statistics>
<total>
<stat pass="1" fail="0" skip="0">All Tests</stat>
</total>
<tag>
</tag>
<suite>
<stat pass="1" fail="0" skip="0" id="s1" name="Test Cases">Test Cases</stat>
</suite>
</statistics>
<errors>
</errors>
</robot>
